<?xml version="1.0" encoding="UTF-8"?>
<testng-results ignored="0" total="1" passed="1" failed="0" skipped="0">
  <reporter-output>
  </reporter-output>
  <suite started-at="2023-08-05T12:12:43 IST" name="Default suite" finished-at="2023-08-05T12:13:00 IST" duration-ms="16981">
    <groups>
      <group name="cucumber">
        <method signature="AbstractTestNGCucumberTests.runScenario(io.cucumber.testng.PickleWrapper,io.cucumber.testng.FeatureWrapper)[pri:0, instance:TestRunner.TestRunnerGuru99@25641d39]" name="runScenario" class="io.cucumber.testng.AbstractTestNGCucumberTests"/>
      </group> <!-- cucumber -->
    </groups>
    <test started-at="2023-08-05T12:12:43 IST" name="Default test" finished-at="2023-08-05T12:13:00 IST" duration-ms="16981">
      <class name="TestRunner.TestRunnerGuru99">
        <test-method is-config="true" signature="setUpClass(org.testng.ITestContext)[pri:0, instance:TestRunner.TestRunnerGuru99@25641d39]" started-at="2023-08-05T12:12:43 IST" name="setUpClass" finished-at="2023-08-05T12:12:44 IST" duration-ms="876" status="PASS">
          <params>
            <param index="0">
              <value>
                <![CDATA[org.testng.TestRunner@45acdd11]]>
              </value>
            </param>
          </params>
          <reporter-output>
          </reporter-output>
        </test-method> <!-- setUpClass -->
        <test-method signature="runScenario(io.cucumber.testng.PickleWrapper,io.cucumber.testng.FeatureWrapper)[pri:0, instance:TestRunner.TestRunnerGuru99@25641d39]" started-at="2023-08-05T12:12:44 IST" name="runScenario" description="Runs Cucumber Scenarios" data-provider="scenarios" finished-at="2023-08-05T12:13:00 IST" duration-ms="15953" status="PASS">
          <params>
            <param index="0">
              <value>
                <![CDATA["Check register page functionality"]]>
              </value>
            </param>
            <param index="1">
              <value>
                <![CDATA["Test Guru99 application"]]>
              </value>
            </param>
          </params>
          <reporter-output>
          </reporter-output>
        </test-method> <!-- runScenario -->
        <test-method is-config="true" signature="tearDownClass()[pri:0, instance:TestRunner.TestRunnerGuru99@25641d39]" started-at="2023-08-05T12:13:00 IST" name="tearDownClass" finished-at="2023-08-05T12:13:00 IST" duration-ms="45" status="PASS">
          <reporter-output>
          </reporter-output>
        </test-method> <!-- tearDownClass -->
      </class> <!-- TestRunner.TestRunnerGuru99 -->
    </test> <!-- Default test -->
  </suite> <!-- Default suite -->
</testng-results>
